julia version: 1.12.4
EegFun version: 0.1.0
Start time: 30-01-2026 08:16:14
ERP measurement analysis started at 2026-01-30T08:16:14.622
Function call: test
Analysis type: mean_amplitude
Found 16 JLD2 files
Processing: example10_erps_good.jld2 (1/16)
Applying baseline correction to 74 channels over interval: 78 to 129
  ✓ Extracted 1 measurement(s)
Processing: example11_erps_good.jld2 (2/16)
Applying baseline correction to 74 channels over interval: 78 to 129
  ✓ Extracted 1 measurement(s)
Processing: example12_erps_good.jld2 (3/16)
Applying baseline correction to 74 channels over interval: 78 to 129
  ✓ Extracted 1 measurement(s)
Processing: example13_erps_good.jld2 (4/16)
Applying baseline correction to 74 channels over interval: 78 to 129
  ✓ Extracted 1 measurement(s)
Processing: example14_erps_good.jld2 (5/16)
Applying baseline correction to 74 channels over interval: 78 to 129
  ✓ Extracted 1 measurement(s)
Processing: example15_erps_good.jld2 (6/16)
Applying baseline correction to 74 channels over interval: 78 to 129
  ✓ Extracted 1 measurement(s)
Processing: example16_erps_good.jld2 (7/16)
Applying baseline correction to 74 channels over interval: 78 to 129
  ✓ Extracted 1 measurement(s)
Processing: example1_erps_good.jld2 (8/16)
Applying baseline correction to 74 channels over interval: 78 to 129
  ✓ Extracted 1 measurement(s)
Processing: example2_erps_good.jld2 (9/16)
Applying baseline correction to 74 channels over interval: 78 to 129
  ✓ Extracted 1 measurement(s)
Processing: example3_erps_good.jld2 (10/16)
Applying baseline correction to 74 channels over interval: 78 to 129
  ✓ Extracted 1 measurement(s)
Processing: example4_erps_good.jld2 (11/16)
Applying baseline correction to 74 channels over interval: 78 to 129
  ✓ Extracted 1 measurement(s)
Processing: example5_erps_good.jld2 (12/16)
Applying baseline correction to 74 channels over interval: 78 to 129
  ✓ Extracted 1 measurement(s)
Processing: example6_erps_good.jld2 (13/16)
Applying baseline correction to 74 channels over interval: 78 to 129
  ✓ Extracted 1 measurement(s)
Processing: example7_erps_good.jld2 (14/16)
Applying baseline correction to 74 channels over interval: 78 to 129
  ✓ Extracted 1 measurement(s)
Processing: example8_erps_good.jld2 (15/16)
Applying baseline correction to 74 channels over interval: 78 to 129
  ✓ Extracted 1 measurement(s)
Processing: example9_erps_good.jld2 (16/16)
Applying baseline correction to 74 channels over interval: 78 to 129
  ✓ Extracted 1 measurement(s)
Saved 16 measurement(s) to: ./data/files/erps/measurements_mean_amplitude/erp_measurements.csv
Analysis complete! Processed 16 files successfully, 0 errors

Global session duration: 0 seconds
