julia version: 1.12.4
EegFun version: 0.1.0
Start time: 05-02-2026 12:36:29
ERP measurement analysis started at 2026-02-05T12:36:29.189
Function call: 6.9*0.5
Analysis type: max_peak_latency
Found 16 JLD2 files
Processing: example10_erps_good.jld2 (1/16)
Applying baseline correction to 74 channels using interval: (-0.2, 0.0)
Applying baseline correction to 74 channels using interval: (-0.2, 0.0)
  ✓ Extracted 2 measurement(s)
Processing: example11_erps_good.jld2 (2/16)
Applying baseline correction to 74 channels using interval: (-0.2, 0.0)
Applying baseline correction to 74 channels using interval: (-0.2, 0.0)
  ✓ Extracted 2 measurement(s)
Processing: example12_erps_good.jld2 (3/16)
Applying baseline correction to 74 channels using interval: (-0.2, 0.0)
Applying baseline correction to 74 channels using interval: (-0.2, 0.0)
  ✓ Extracted 2 measurement(s)
Processing: example13_erps_good.jld2 (4/16)
Applying baseline correction to 74 channels using interval: (-0.2, 0.0)
Applying baseline correction to 74 channels using interval: (-0.2, 0.0)
  ✓ Extracted 2 measurement(s)
Processing: example14_erps_good.jld2 (5/16)
Applying baseline correction to 74 channels using interval: (-0.2, 0.0)
Applying baseline correction to 74 channels using interval: (-0.2, 0.0)
  ✓ Extracted 2 measurement(s)
Processing: example15_erps_good.jld2 (6/16)
Applying baseline correction to 74 channels using interval: (-0.2, 0.0)
Applying baseline correction to 74 channels using interval: (-0.2, 0.0)
  ✓ Extracted 2 measurement(s)
Processing: example16_erps_good.jld2 (7/16)
Applying baseline correction to 74 channels using interval: (-0.2, 0.0)
Applying baseline correction to 74 channels using interval: (-0.2, 0.0)
  ✓ Extracted 2 measurement(s)
Processing: example1_erps_good.jld2 (8/16)
Applying baseline correction to 74 channels using interval: (-0.2, 0.0)
Applying baseline correction to 74 channels using interval: (-0.2, 0.0)
  ✓ Extracted 2 measurement(s)
Processing: example2_erps_good.jld2 (9/16)
Applying baseline correction to 74 channels using interval: (-0.2, 0.0)
Applying baseline correction to 74 channels using interval: (-0.2, 0.0)
  ✓ Extracted 2 measurement(s)
Processing: example3_erps_good.jld2 (10/16)
Applying baseline correction to 74 channels using interval: (-0.2, 0.0)
Applying baseline correction to 74 channels using interval: (-0.2, 0.0)
  ✓ Extracted 2 measurement(s)
Processing: example4_erps_good.jld2 (11/16)
Applying baseline correction to 74 channels using interval: (-0.2, 0.0)
Applying baseline correction to 74 channels using interval: (-0.2, 0.0)
  ✓ Extracted 2 measurement(s)
Processing: example5_erps_good.jld2 (12/16)
Applying baseline correction to 74 channels using interval: (-0.2, 0.0)
Applying baseline correction to 74 channels using interval: (-0.2, 0.0)
  ✓ Extracted 2 measurement(s)
Processing: example6_erps_good.jld2 (13/16)
Applying baseline correction to 74 channels using interval: (-0.2, 0.0)
Applying baseline correction to 74 channels using interval: (-0.2, 0.0)
  ✓ Extracted 2 measurement(s)
Processing: example7_erps_good.jld2 (14/16)
Applying baseline correction to 74 channels using interval: (-0.2, 0.0)
Applying baseline correction to 74 channels using interval: (-0.2, 0.0)
  ✓ Extracted 2 measurement(s)
Processing: example8_erps_good.jld2 (15/16)
Applying baseline correction to 74 channels using interval: (-0.2, 0.0)
Applying baseline correction to 74 channels using interval: (-0.2, 0.0)
  ✓ Extracted 2 measurement(s)
Processing: example9_erps_good.jld2 (16/16)
Applying baseline correction to 74 channels using interval: (-0.2, 0.0)
Applying baseline correction to 74 channels using interval: (-0.2, 0.0)
  ✓ Extracted 2 measurement(s)
Saved 32 measurement(s) to: ./resources/data/julia/erps/measurements_max_peak_latency/erp_measurements.csv
Analysis complete! Processed 16 files successfully, 0 errors

Global session duration: 5 seconds
